<?xml version="1.0" encoding="UTF-8"?>
<testsuite xmlns:xsi="http://www.w3.org/2001/XMLSchema-instance" xsi:noNamespaceSchemaLocation="https://maven.apache.org/surefire/maven-surefire-plugin/xsd/surefire-test-report.xsd" name="at.campus02.bsd.CalculatorTest" time="0.085" tests="12" errors="0" skipped="0" failures="0">
  <properties>
[...]
</properties>
  <testcase name="testAdd_ResultKnown" classname="at.campus02.bsd.CalculatorTest" time="0.053"/>
  <testcase name="testAdd_ResultCalculated" classname="at.campus02.bsd.CalculatorTest" time="0"/>
  <testcase name="testMultiply_ResultCalculated" classname="at.campus02.bsd.CalculatorTest" time="0"/>
  <testcase name="testMultiply_ResultKnown" classname="at.campus02.bsd.CalculatorTest" time="0.001"/>
  <testcase name="testDivide_ResultKnown" classname="at.campus02.bsd.CalculatorTest" time="0.001"/>
  <testcase name="testFaculty_negative5" classname="at.campus02.bsd.CalculatorTest" time="0.001"/>
  <testcase name="testFaculty_3" classname="at.campus02.bsd.CalculatorTest" time="0.001"/>
  <testcase name="testFaculty_4" classname="at.campus02.bsd.CalculatorTest" time="0"/>
  <testcase name="testDivide_ResultCalculated" classname="at.campus02.bsd.CalculatorTest" time="0.001"/>
  <testcase name="testMinus_ResultCalculated" classname="at.campus02.bsd.CalculatorTest" time="0.001"/>
  <testcase name="testDivide_DivideByZero" classname="at.campus02.bsd.CalculatorTest" time="0.008"/>
  <testcase name="testMinus_ResultKnown" classname="at.campus02.bsd.CalculatorTest" time="0"/>
</testsuite>